[27-May-2025 15:01:08 Europe/Berlin] PHP Warning:  Undefined variable $assuntos in C:\xampp\htdocs\projeto1.0\get_assuntos.php on line 28
[27-May-2025 15:01:08 Europe/Berlin] PHP Fatal error:  Uncaught Error: mysqli object is already closed in C:\xampp\htdocs\projeto1.0\function.php:294
Stack trace:
#0 C:\xampp\htdocs\projeto1.0\function.php(294): mysqli->query('SELECT * FROM d...')
#1 C:\xampp\htdocs\projeto1.0\disciplinas.php(25): listarDisciplinas(Object(mysqli))
#2 {main}
  thrown in C:\xampp\htdocs\projeto1.0\function.php on line 294
[27-May-2025 15:03:10 Europe/Berlin] PHP Warning:  Undefined variable $assuntos in C:\xampp\htdocs\projeto1.0\get_assuntos.php on line 23
[27-May-2025 15:03:10 Europe/Berlin] listarAssuntos: FUNÇÃO INICIADA. Filtros recebidos: []
[27-May-2025 15:03:10 Europe/Berlin] listarAssuntos: Filtro 'id_disciplina' não fornecido ou vazio.
[27-May-2025 15:03:10 Europe/Berlin] listarAssuntos: SQL FINAL: SELECT a.id_assunto, a.nome_assunto, a.id_disciplina, d.nome_disciplina 
            FROM assuntotb a 
            JOIN disciplinatb d ON a.id_disciplina = d.id_disciplina ORDER BY a.nome_assunto ASC
[27-May-2025 15:03:10 Europe/Berlin] listarAssuntos: PARÂMETROS PARA BIND: []
[27-May-2025 15:03:10 Europe/Berlin] listarAssuntos: TIPOS PARA BIND: 
[27-May-2025 15:03:10 Europe/Berlin] listarAssuntos: Nenhum parâmetro para bind (WHERE clause não aplicada).
[27-May-2025 15:03:10 Europe/Berlin] listarAssuntos: RESULTADOS FINAIS OBTIDOS DO BD: [{"id_assunto":8,"nome_assunto":"BOMBAS NUCLEARES","id_disciplina":4,"nome_disciplina":"fisica"},{"id_assunto":1,"nome_assunto":"Conta B\u00e1sica","id_disciplina":1,"nome_disciplina":"Matematica"},{"id_assunto":5,"nome_assunto":"Fun\u00e7\u00e3o quadratica","id_disciplina":1,"nome_disciplina":"Matematica"},{"id_assunto":7,"nome_assunto":"Pit\u00e1goras","id_disciplina":3,"nome_disciplina":"historia"},{"id_assunto":6,"nome_assunto":"Termodin\u00e2mica","id_disciplina":4,"nome_disciplina":"fisica"}]
[27-May-2025 15:03:10 Europe/Berlin] mostrarQuestoes: Erro ao preparar: Table 'bancodequestões.questaotb' doesn't exist
[27-May-2025 15:03:26 Europe/Berlin] PHP Warning:  Undefined variable $assuntos in C:\xampp\htdocs\projeto1.0\get_assuntos.php on line 23
[27-May-2025 15:07:17 Europe/Berlin] PHP Warning:  Undefined variable $assuntos in C:\xampp\htdocs\projeto1.0\get_assuntos.php on line 26
[27-May-2025 15:07:17 Europe/Berlin] listarAssuntos: FUNÇÃO INICIADA. Filtros recebidos: []
[27-May-2025 15:07:17 Europe/Berlin] listarAssuntos: Filtro 'id_disciplina' não fornecido ou vazio.
[27-May-2025 15:07:17 Europe/Berlin] listarAssuntos: SQL FINAL: SELECT a.id_assunto, a.nome_assunto, a.id_disciplina, d.nome_disciplina 
            FROM assuntotb a 
            JOIN disciplinatb d ON a.id_disciplina = d.id_disciplina ORDER BY a.nome_assunto ASC
[27-May-2025 15:07:17 Europe/Berlin] listarAssuntos: PARÂMETROS PARA BIND: []
[27-May-2025 15:07:17 Europe/Berlin] listarAssuntos: TIPOS PARA BIND: 
[27-May-2025 15:07:17 Europe/Berlin] listarAssuntos: Nenhum parâmetro para bind (WHERE clause não aplicada).
[27-May-2025 15:07:17 Europe/Berlin] listarAssuntos: RESULTADOS FINAIS OBTIDOS DO BD: [{"id_assunto":8,"nome_assunto":"BOMBAS NUCLEARES","id_disciplina":4,"nome_disciplina":"fisica"},{"id_assunto":1,"nome_assunto":"Conta B\u00e1sica","id_disciplina":1,"nome_disciplina":"Matematica"},{"id_assunto":5,"nome_assunto":"Fun\u00e7\u00e3o quadratica","id_disciplina":1,"nome_disciplina":"Matematica"},{"id_assunto":7,"nome_assunto":"Pit\u00e1goras","id_disciplina":3,"nome_disciplina":"historia"},{"id_assunto":6,"nome_assunto":"Termodin\u00e2mica","id_disciplina":4,"nome_disciplina":"fisica"}]
[27-May-2025 15:07:17 Europe/Berlin] mostrarQuestoes: Erro ao preparar: Table 'bancodequestões.questaotb' doesn't exist
[27-May-2025 15:08:41 Europe/Berlin] PHP Warning:  Undefined variable $assuntos in C:\xampp\htdocs\projeto1.0\get_assuntos.php on line 26
[27-May-2025 15:08:44 Europe/Berlin] PHP Warning:  Undefined variable $assuntos in C:\xampp\htdocs\projeto1.0\get_assuntos.php on line 26
[27-May-2025 15:08:47 Europe/Berlin] PHP Warning:  Undefined variable $assuntos in C:\xampp\htdocs\projeto1.0\get_assuntos.php on line 26
[27-May-2025 15:08:56 Europe/Berlin] PHP Warning:  Undefined variable $assuntos in C:\xampp\htdocs\projeto1.0\get_assuntos.php on line 26
[27-May-2025 15:08:56 Europe/Berlin] listarAssuntos: FUNÇÃO INICIADA. Filtros recebidos: []
[27-May-2025 15:08:56 Europe/Berlin] listarAssuntos: Filtro 'id_disciplina' não fornecido ou vazio.
[27-May-2025 15:08:56 Europe/Berlin] listarAssuntos: SQL FINAL: SELECT a.id_assunto, a.nome_assunto, a.id_disciplina, d.nome_disciplina 
            FROM assuntotb a 
            JOIN disciplinatb d ON a.id_disciplina = d.id_disciplina ORDER BY a.nome_assunto ASC
[27-May-2025 15:08:56 Europe/Berlin] listarAssuntos: PARÂMETROS PARA BIND: []
[27-May-2025 15:08:56 Europe/Berlin] listarAssuntos: TIPOS PARA BIND: 
[27-May-2025 15:08:56 Europe/Berlin] listarAssuntos: Nenhum parâmetro para bind (WHERE clause não aplicada).
[27-May-2025 15:08:56 Europe/Berlin] listarAssuntos: RESULTADOS FINAIS OBTIDOS DO BD: [{"id_assunto":8,"nome_assunto":"BOMBAS NUCLEARES","id_disciplina":4,"nome_disciplina":"fisica"},{"id_assunto":1,"nome_assunto":"Conta B\u00e1sica","id_disciplina":1,"nome_disciplina":"Matematica"},{"id_assunto":5,"nome_assunto":"Fun\u00e7\u00e3o quadratica","id_disciplina":1,"nome_disciplina":"Matematica"},{"id_assunto":7,"nome_assunto":"Pit\u00e1goras","id_disciplina":3,"nome_disciplina":"historia"},{"id_assunto":6,"nome_assunto":"Termodin\u00e2mica","id_disciplina":4,"nome_disciplina":"fisica"}]
[27-May-2025 15:08:56 Europe/Berlin] mostrarQuestoes: Erro ao preparar: Table 'bancodequestões.questaotb' doesn't exist
[27-May-2025 15:08:56 Europe/Berlin] listarAssuntos: FUNÇÃO INICIADA. Filtros recebidos: []
[27-May-2025 15:08:56 Europe/Berlin] listarAssuntos: Filtro 'id_disciplina' não fornecido ou vazio.
[27-May-2025 15:08:56 Europe/Berlin] listarAssuntos: SQL FINAL: SELECT a.id_assunto, a.nome_assunto, a.id_disciplina, d.nome_disciplina 
            FROM assuntotb a 
            JOIN disciplinatb d ON a.id_disciplina = d.id_disciplina ORDER BY a.nome_assunto ASC
[27-May-2025 15:08:56 Europe/Berlin] listarAssuntos: PARÂMETROS PARA BIND: []
[27-May-2025 15:08:56 Europe/Berlin] listarAssuntos: TIPOS PARA BIND: 
[27-May-2025 15:08:56 Europe/Berlin] listarAssuntos: Nenhum parâmetro para bind (WHERE clause não aplicada).
[27-May-2025 15:08:56 Europe/Berlin] listarAssuntos: RESULTADOS FINAIS OBTIDOS DO BD: [{"id_assunto":8,"nome_assunto":"BOMBAS NUCLEARES","id_disciplina":4,"nome_disciplina":"fisica"},{"id_assunto":1,"nome_assunto":"Conta B\u00e1sica","id_disciplina":1,"nome_disciplina":"Matematica"},{"id_assunto":5,"nome_assunto":"Fun\u00e7\u00e3o quadratica","id_disciplina":1,"nome_disciplina":"Matematica"},{"id_assunto":9,"nome_assunto":"Fun\u00e7\u00e3o quadratica","id_disciplina":1,"nome_disciplina":"Matematica"},{"id_assunto":7,"nome_assunto":"Pit\u00e1goras","id_disciplina":3,"nome_disciplina":"historia"},{"id_assunto":6,"nome_assunto":"Termodin\u00e2mica","id_disciplina":4,"nome_disciplina":"fisica"}]
[27-May-2025 15:09:07 Europe/Berlin] PHP Warning:  Undefined variable $assuntos in C:\xampp\htdocs\projeto1.0\get_assuntos.php on line 26
[27-May-2025 15:10:18 Europe/Berlin] PHP Warning:  Undefined variable $assuntos in C:\xampp\htdocs\projeto1.0\get_assuntos.php on line 26
[27-May-2025 15:10:18 Europe/Berlin] listarAssuntos: FUNÇÃO INICIADA. Filtros recebidos: []
[27-May-2025 15:10:18 Europe/Berlin] listarAssuntos: Filtro 'id_disciplina' não fornecido ou vazio.
[27-May-2025 15:10:18 Europe/Berlin] listarAssuntos: SQL FINAL: SELECT a.id_assunto, a.nome_assunto, a.id_disciplina, d.nome_disciplina 
            FROM assuntotb a 
            JOIN disciplinatb d ON a.id_disciplina = d.id_disciplina ORDER BY a.nome_assunto ASC
[27-May-2025 15:10:18 Europe/Berlin] listarAssuntos: PARÂMETROS PARA BIND: []
[27-May-2025 15:10:18 Europe/Berlin] listarAssuntos: TIPOS PARA BIND: 
[27-May-2025 15:10:18 Europe/Berlin] listarAssuntos: Nenhum parâmetro para bind (WHERE clause não aplicada).
[27-May-2025 15:10:18 Europe/Berlin] listarAssuntos: RESULTADOS FINAIS OBTIDOS DO BD: [{"id_assunto":8,"nome_assunto":"BOMBAS NUCLEARES","id_disciplina":4,"nome_disciplina":"fisica"},{"id_assunto":1,"nome_assunto":"Conta B\u00e1sica","id_disciplina":1,"nome_disciplina":"Matematica"},{"id_assunto":5,"nome_assunto":"Fun\u00e7\u00e3o quadratica","id_disciplina":1,"nome_disciplina":"Matematica"},{"id_assunto":9,"nome_assunto":"Fun\u00e7\u00e3o quadratica","id_disciplina":1,"nome_disciplina":"Matematica"},{"id_assunto":7,"nome_assunto":"Pit\u00e1goras","id_disciplina":3,"nome_disciplina":"historia"},{"id_assunto":6,"nome_assunto":"Termodin\u00e2mica","id_disciplina":4,"nome_disciplina":"fisica"}]
[27-May-2025 15:10:18 Europe/Berlin] mostrarQuestoes: Erro ao preparar: Table 'bancodequestões.questaotb' doesn't exist
[27-May-2025 15:10:25 Europe/Berlin] PHP Warning:  Undefined variable $assuntos in C:\xampp\htdocs\projeto1.0\get_assuntos.php on line 26
[27-May-2025 15:10:25 Europe/Berlin] listarAssuntos: FUNÇÃO INICIADA. Filtros recebidos: []
[27-May-2025 15:10:25 Europe/Berlin] listarAssuntos: Filtro 'id_disciplina' não fornecido ou vazio.
[27-May-2025 15:10:25 Europe/Berlin] listarAssuntos: SQL FINAL: SELECT a.id_assunto, a.nome_assunto, a.id_disciplina, d.nome_disciplina 
            FROM assuntotb a 
            JOIN disciplinatb d ON a.id_disciplina = d.id_disciplina ORDER BY a.nome_assunto ASC
[27-May-2025 15:10:25 Europe/Berlin] listarAssuntos: PARÂMETROS PARA BIND: []
[27-May-2025 15:10:25 Europe/Berlin] listarAssuntos: TIPOS PARA BIND: 
[27-May-2025 15:10:25 Europe/Berlin] listarAssuntos: Nenhum parâmetro para bind (WHERE clause não aplicada).
[27-May-2025 15:10:25 Europe/Berlin] listarAssuntos: RESULTADOS FINAIS OBTIDOS DO BD: [{"id_assunto":8,"nome_assunto":"BOMBAS NUCLEARES","id_disciplina":4,"nome_disciplina":"fisica"},{"id_assunto":1,"nome_assunto":"Conta B\u00e1sica","id_disciplina":1,"nome_disciplina":"Matematica"},{"id_assunto":5,"nome_assunto":"Fun\u00e7\u00e3o quadratica","id_disciplina":1,"nome_disciplina":"Matematica"},{"id_assunto":9,"nome_assunto":"Fun\u00e7\u00e3o quadratica","id_disciplina":1,"nome_disciplina":"Matematica"},{"id_assunto":7,"nome_assunto":"Pit\u00e1goras","id_disciplina":3,"nome_disciplina":"historia"},{"id_assunto":6,"nome_assunto":"Termodin\u00e2mica","id_disciplina":4,"nome_disciplina":"fisica"}]
[27-May-2025 15:10:25 Europe/Berlin] mostrarQuestoes: Erro ao preparar: Table 'bancodequestões.questaotb' doesn't exist
[27-May-2025 15:10:41 Europe/Berlin] PHP Warning:  Undefined variable $assuntos in C:\xampp\htdocs\projeto1.0\get_assuntos.php on line 26
[27-May-2025 15:10:41 Europe/Berlin] listarAssuntos: FUNÇÃO INICIADA. Filtros recebidos: []
[27-May-2025 15:10:41 Europe/Berlin] listarAssuntos: Filtro 'id_disciplina' não fornecido ou vazio.
[27-May-2025 15:10:41 Europe/Berlin] listarAssuntos: SQL FINAL: SELECT a.id_assunto, a.nome_assunto, a.id_disciplina, d.nome_disciplina 
            FROM assuntotb a 
            JOIN disciplinatb d ON a.id_disciplina = d.id_disciplina ORDER BY a.nome_assunto ASC
[27-May-2025 15:10:41 Europe/Berlin] listarAssuntos: PARÂMETROS PARA BIND: []
[27-May-2025 15:10:41 Europe/Berlin] listarAssuntos: TIPOS PARA BIND: 
[27-May-2025 15:10:41 Europe/Berlin] listarAssuntos: Nenhum parâmetro para bind (WHERE clause não aplicada).
[27-May-2025 15:10:41 Europe/Berlin] listarAssuntos: RESULTADOS FINAIS OBTIDOS DO BD: [{"id_assunto":8,"nome_assunto":"BOMBAS NUCLEARES","id_disciplina":4,"nome_disciplina":"fisica"},{"id_assunto":1,"nome_assunto":"Conta B\u00e1sica","id_disciplina":1,"nome_disciplina":"Matematica"},{"id_assunto":5,"nome_assunto":"Fun\u00e7\u00e3o quadratica","id_disciplina":1,"nome_disciplina":"Matematica"},{"id_assunto":9,"nome_assunto":"Fun\u00e7\u00e3o quadratica","id_disciplina":1,"nome_disciplina":"Matematica"},{"id_assunto":7,"nome_assunto":"Pit\u00e1goras","id_disciplina":3,"nome_disciplina":"historia"},{"id_assunto":6,"nome_assunto":"Termodin\u00e2mica","id_disciplina":4,"nome_disciplina":"fisica"}]
[27-May-2025 15:10:41 Europe/Berlin] mostrarQuestoes: Erro ao preparar: Table 'bancodequestões.questaotb' doesn't exist
[27-May-2025 15:11:03 Europe/Berlin] PHP Warning:  Undefined variable $assuntos in C:\xampp\htdocs\projeto1.0\get_assuntos.php on line 26
[27-May-2025 15:11:03 Europe/Berlin] listarAssuntos: FUNÇÃO INICIADA. Filtros recebidos: []
[27-May-2025 15:11:03 Europe/Berlin] listarAssuntos: Filtro 'id_disciplina' não fornecido ou vazio.
[27-May-2025 15:11:03 Europe/Berlin] listarAssuntos: SQL FINAL: SELECT a.id_assunto, a.nome_assunto, a.id_disciplina, d.nome_disciplina 
            FROM assuntotb a 
            JOIN disciplinatb d ON a.id_disciplina = d.id_disciplina ORDER BY a.nome_assunto ASC
[27-May-2025 15:11:03 Europe/Berlin] listarAssuntos: PARÂMETROS PARA BIND: []
[27-May-2025 15:11:03 Europe/Berlin] listarAssuntos: TIPOS PARA BIND: 
[27-May-2025 15:11:03 Europe/Berlin] listarAssuntos: Nenhum parâmetro para bind (WHERE clause não aplicada).
[27-May-2025 15:11:03 Europe/Berlin] listarAssuntos: RESULTADOS FINAIS OBTIDOS DO BD: [{"id_assunto":8,"nome_assunto":"BOMBAS NUCLEARES","id_disciplina":4,"nome_disciplina":"fisica"},{"id_assunto":1,"nome_assunto":"Conta B\u00e1sica","id_disciplina":1,"nome_disciplina":"Matematica"},{"id_assunto":5,"nome_assunto":"Fun\u00e7\u00e3o quadratica","id_disciplina":1,"nome_disciplina":"Matematica"},{"id_assunto":9,"nome_assunto":"Fun\u00e7\u00e3o quadratica","id_disciplina":1,"nome_disciplina":"Matematica"},{"id_assunto":7,"nome_assunto":"Pit\u00e1goras","id_disciplina":3,"nome_disciplina":"historia"},{"id_assunto":6,"nome_assunto":"Termodin\u00e2mica","id_disciplina":4,"nome_disciplina":"fisica"}]
[27-May-2025 15:11:03 Europe/Berlin] mostrarQuestoes: Erro ao preparar: Table 'bancodequestões.questaotb' doesn't exist
[27-May-2025 15:11:10 Europe/Berlin] PHP Warning:  Undefined variable $assuntos in C:\xampp\htdocs\projeto1.0\get_assuntos.php on line 26
[27-May-2025 15:11:10 Europe/Berlin] listarAssuntos: FUNÇÃO INICIADA. Filtros recebidos: []
[27-May-2025 15:11:10 Europe/Berlin] listarAssuntos: Filtro 'id_disciplina' não fornecido ou vazio.
[27-May-2025 15:11:10 Europe/Berlin] listarAssuntos: SQL FINAL: SELECT a.id_assunto, a.nome_assunto, a.id_disciplina, d.nome_disciplina 
            FROM assuntotb a 
            JOIN disciplinatb d ON a.id_disciplina = d.id_disciplina ORDER BY a.nome_assunto ASC
[27-May-2025 15:11:10 Europe/Berlin] listarAssuntos: PARÂMETROS PARA BIND: []
[27-May-2025 15:11:10 Europe/Berlin] listarAssuntos: TIPOS PARA BIND: 
[27-May-2025 15:11:10 Europe/Berlin] listarAssuntos: Nenhum parâmetro para bind (WHERE clause não aplicada).
[27-May-2025 15:11:10 Europe/Berlin] listarAssuntos: RESULTADOS FINAIS OBTIDOS DO BD: [{"id_assunto":8,"nome_assunto":"BOMBAS NUCLEARES","id_disciplina":4,"nome_disciplina":"fisica"},{"id_assunto":1,"nome_assunto":"Conta B\u00e1sica","id_disciplina":1,"nome_disciplina":"Matematica"},{"id_assunto":5,"nome_assunto":"Fun\u00e7\u00e3o quadratica","id_disciplina":1,"nome_disciplina":"Matematica"},{"id_assunto":9,"nome_assunto":"Fun\u00e7\u00e3o quadratica","id_disciplina":1,"nome_disciplina":"Matematica"},{"id_assunto":7,"nome_assunto":"Pit\u00e1goras","id_disciplina":3,"nome_disciplina":"historia"},{"id_assunto":6,"nome_assunto":"Termodin\u00e2mica","id_disciplina":4,"nome_disciplina":"fisica"}]
[27-May-2025 15:11:10 Europe/Berlin] mostrarQuestoes: Erro ao preparar: Table 'bancodequestões.questaotb' doesn't exist
[27-May-2025 15:11:31 Europe/Berlin] PHP Warning:  Undefined variable $assuntos in C:\xampp\htdocs\projeto1.0\get_assuntos.php on line 26
[27-May-2025 15:11:31 Europe/Berlin] listarAssuntos: FUNÇÃO INICIADA. Filtros recebidos: []
[27-May-2025 15:11:31 Europe/Berlin] listarAssuntos: Filtro 'id_disciplina' não fornecido ou vazio.
[27-May-2025 15:11:31 Europe/Berlin] listarAssuntos: SQL FINAL: SELECT a.id_assunto, a.nome_assunto, a.id_disciplina, d.nome_disciplina 
            FROM assuntotb a 
            JOIN disciplinatb d ON a.id_disciplina = d.id_disciplina ORDER BY a.nome_assunto ASC
[27-May-2025 15:11:31 Europe/Berlin] listarAssuntos: PARÂMETROS PARA BIND: []
[27-May-2025 15:11:31 Europe/Berlin] listarAssuntos: TIPOS PARA BIND: 
[27-May-2025 15:11:31 Europe/Berlin] listarAssuntos: Nenhum parâmetro para bind (WHERE clause não aplicada).
[27-May-2025 15:11:31 Europe/Berlin] listarAssuntos: RESULTADOS FINAIS OBTIDOS DO BD: [{"id_assunto":8,"nome_assunto":"BOMBAS NUCLEARES","id_disciplina":4,"nome_disciplina":"fisica"},{"id_assunto":1,"nome_assunto":"Conta B\u00e1sica","id_disciplina":1,"nome_disciplina":"Matematica"},{"id_assunto":5,"nome_assunto":"Fun\u00e7\u00e3o quadratica","id_disciplina":1,"nome_disciplina":"Matematica"},{"id_assunto":9,"nome_assunto":"Fun\u00e7\u00e3o quadratica","id_disciplina":1,"nome_disciplina":"Matematica"},{"id_assunto":7,"nome_assunto":"Pit\u00e1goras","id_disciplina":3,"nome_disciplina":"historia"},{"id_assunto":6,"nome_assunto":"Termodin\u00e2mica","id_disciplina":4,"nome_disciplina":"fisica"}]
[27-May-2025 15:11:31 Europe/Berlin] mostrarQuestoes: Erro ao preparar: Table 'bancodequestões.questaotb' doesn't exist
[27-May-2025 15:17:06 Europe/Berlin] PHP Warning:  Undefined variable $assuntos in C:\xampp\htdocs\projeto1.0\get_assuntos.php on line 26
[27-May-2025 15:17:06 Europe/Berlin] listarAssuntos: FUNÇÃO INICIADA. Filtros recebidos: []
[27-May-2025 15:17:06 Europe/Berlin] listarAssuntos: Filtro 'id_disciplina' não fornecido ou vazio.
[27-May-2025 15:17:06 Europe/Berlin] listarAssuntos: SQL FINAL: SELECT a.id_assunto, a.nome_assunto, a.id_disciplina, d.nome_disciplina 
            FROM assuntotb a 
            JOIN disciplinatb d ON a.id_disciplina = d.id_disciplina ORDER BY a.nome_assunto ASC
[27-May-2025 15:17:06 Europe/Berlin] listarAssuntos: PARÂMETROS PARA BIND: []
[27-May-2025 15:17:06 Europe/Berlin] listarAssuntos: TIPOS PARA BIND: 
[27-May-2025 15:17:06 Europe/Berlin] listarAssuntos: Nenhum parâmetro para bind (WHERE clause não aplicada).
[27-May-2025 15:17:06 Europe/Berlin] listarAssuntos: RESULTADOS FINAIS OBTIDOS DO BD: [{"id_assunto":8,"nome_assunto":"BOMBAS NUCLEARES","id_disciplina":4,"nome_disciplina":"fisica"},{"id_assunto":1,"nome_assunto":"Conta B\u00e1sica","id_disciplina":1,"nome_disciplina":"Matematica"},{"id_assunto":5,"nome_assunto":"Fun\u00e7\u00e3o quadratica","id_disciplina":1,"nome_disciplina":"Matematica"},{"id_assunto":9,"nome_assunto":"Fun\u00e7\u00e3o quadratica","id_disciplina":1,"nome_disciplina":"Matematica"},{"id_assunto":7,"nome_assunto":"Pit\u00e1goras","id_disciplina":3,"nome_disciplina":"historia"},{"id_assunto":6,"nome_assunto":"Termodin\u00e2mica","id_disciplina":4,"nome_disciplina":"fisica"}]
[27-May-2025 15:17:06 Europe/Berlin] mostrarQuestoes: Erro ao preparar: Table 'bancodequestões.questaotb' doesn't exist
[27-May-2025 15:17:56 Europe/Berlin] PHP Warning:  Undefined variable $assuntos in C:\xampp\htdocs\projeto1.0\get_assuntos.php on line 26
[27-May-2025 15:20:45 Europe/Berlin] PHP Warning:  Undefined variable $assuntos in C:\xampp\htdocs\projeto1.0\get_assuntos.php on line 26
[27-May-2025 15:20:45 Europe/Berlin] listarAssuntos: FUNÇÃO INICIADA. Filtros recebidos: []
[27-May-2025 15:20:45 Europe/Berlin] listarAssuntos: Filtro 'id_disciplina' não fornecido ou vazio.
[27-May-2025 15:20:45 Europe/Berlin] listarAssuntos: SQL FINAL: SELECT a.id_assunto, a.nome_assunto, a.id_disciplina, d.nome_disciplina 
            FROM assuntotb a 
            JOIN disciplinatb d ON a.id_disciplina = d.id_disciplina ORDER BY a.nome_assunto ASC
[27-May-2025 15:20:45 Europe/Berlin] listarAssuntos: PARÂMETROS PARA BIND: []
[27-May-2025 15:20:45 Europe/Berlin] listarAssuntos: TIPOS PARA BIND: 
[27-May-2025 15:20:45 Europe/Berlin] listarAssuntos: Nenhum parâmetro para bind (WHERE clause não aplicada).
[27-May-2025 15:20:45 Europe/Berlin] listarAssuntos: RESULTADOS FINAIS OBTIDOS DO BD: [{"id_assunto":8,"nome_assunto":"BOMBAS NUCLEARES","id_disciplina":4,"nome_disciplina":"fisica"},{"id_assunto":1,"nome_assunto":"Conta B\u00e1sica","id_disciplina":1,"nome_disciplina":"Matematica"},{"id_assunto":5,"nome_assunto":"Fun\u00e7\u00e3o quadratica","id_disciplina":1,"nome_disciplina":"Matematica"},{"id_assunto":9,"nome_assunto":"Fun\u00e7\u00e3o quadratica","id_disciplina":1,"nome_disciplina":"Matematica"},{"id_assunto":7,"nome_assunto":"Pit\u00e1goras","id_disciplina":3,"nome_disciplina":"historia"},{"id_assunto":6,"nome_assunto":"Termodin\u00e2mica","id_disciplina":4,"nome_disciplina":"fisica"}]
[27-May-2025 15:20:45 Europe/Berlin] mostrarQuestoes: Erro ao preparar: Table 'bancodequestões.questaotb' doesn't exist
[27-May-2025 15:28:23 Europe/Berlin] PHP Warning:  Undefined variable $assuntos in C:\xampp\htdocs\projeto1.0\get_assuntos.php on line 26
[27-May-2025 15:28:23 Europe/Berlin] listarAssuntos: FUNÇÃO INICIADA. Filtros recebidos: []
[27-May-2025 15:28:23 Europe/Berlin] listarAssuntos: Filtro 'id_disciplina' não fornecido ou vazio.
[27-May-2025 15:28:23 Europe/Berlin] listarAssuntos: SQL FINAL: SELECT a.id_assunto, a.nome_assunto, a.id_disciplina, d.nome_disciplina 
            FROM assuntotb a 
            JOIN disciplinatb d ON a.id_disciplina = d.id_disciplina ORDER BY a.nome_assunto ASC
[27-May-2025 15:28:23 Europe/Berlin] listarAssuntos: PARÂMETROS PARA BIND: []
[27-May-2025 15:28:23 Europe/Berlin] listarAssuntos: TIPOS PARA BIND: 
[27-May-2025 15:28:23 Europe/Berlin] listarAssuntos: Nenhum parâmetro para bind (WHERE clause não aplicada).
[27-May-2025 15:28:23 Europe/Berlin] listarAssuntos: RESULTADOS FINAIS OBTIDOS DO BD: [{"id_assunto":8,"nome_assunto":"BOMBAS NUCLEARES","id_disciplina":4,"nome_disciplina":"fisica"},{"id_assunto":1,"nome_assunto":"Conta B\u00e1sica","id_disciplina":1,"nome_disciplina":"Matematica"},{"id_assunto":5,"nome_assunto":"Fun\u00e7\u00e3o quadratica","id_disciplina":1,"nome_disciplina":"Matematica"},{"id_assunto":9,"nome_assunto":"Fun\u00e7\u00e3o quadratica","id_disciplina":1,"nome_disciplina":"Matematica"},{"id_assunto":7,"nome_assunto":"Pit\u00e1goras","id_disciplina":3,"nome_disciplina":"historia"},{"id_assunto":6,"nome_assunto":"Termodin\u00e2mica","id_disciplina":4,"nome_disciplina":"fisica"}]
[27-May-2025 15:28:23 Europe/Berlin] PHP Warning:  Undefined array key "id_questao" in C:\xampp\htdocs\projeto1.0\disciplinas.php on line 375
[27-May-2025 15:28:23 Europe/Berlin] PHP Warning:  Undefined array key "id_questao" in C:\xampp\htdocs\projeto1.0\disciplinas.php on line 376
[27-May-2025 15:28:23 Europe/Berlin] PHP Warning:  Undefined array key "id_questao" in C:\xampp\htdocs\projeto1.0\disciplinas.php on line 375
[27-May-2025 15:28:23 Europe/Berlin] PHP Warning:  Undefined array key "id_questao" in C:\xampp\htdocs\projeto1.0\disciplinas.php on line 376
[27-May-2025 15:28:23 Europe/Berlin] PHP Warning:  Undefined array key "id_questao" in C:\xampp\htdocs\projeto1.0\disciplinas.php on line 375
[27-May-2025 15:28:23 Europe/Berlin] PHP Warning:  Undefined array key "id_questao" in C:\xampp\htdocs\projeto1.0\disciplinas.php on line 376
[27-May-2025 15:28:31 Europe/Berlin] PHP Warning:  Undefined variable $assuntos in C:\xampp\htdocs\projeto1.0\get_assuntos.php on line 26
[27-May-2025 15:28:31 Europe/Berlin] listarAssuntos: FUNÇÃO INICIADA. Filtros recebidos: []
[27-May-2025 15:28:31 Europe/Berlin] listarAssuntos: Filtro 'id_disciplina' não fornecido ou vazio.
[27-May-2025 15:28:31 Europe/Berlin] listarAssuntos: SQL FINAL: SELECT a.id_assunto, a.nome_assunto, a.id_disciplina, d.nome_disciplina 
            FROM assuntotb a 
            JOIN disciplinatb d ON a.id_disciplina = d.id_disciplina ORDER BY a.nome_assunto ASC
[27-May-2025 15:28:31 Europe/Berlin] listarAssuntos: PARÂMETROS PARA BIND: []
[27-May-2025 15:28:31 Europe/Berlin] listarAssuntos: TIPOS PARA BIND: 
[27-May-2025 15:28:31 Europe/Berlin] listarAssuntos: Nenhum parâmetro para bind (WHERE clause não aplicada).
[27-May-2025 15:28:31 Europe/Berlin] listarAssuntos: RESULTADOS FINAIS OBTIDOS DO BD: [{"id_assunto":8,"nome_assunto":"BOMBAS NUCLEARES","id_disciplina":4,"nome_disciplina":"fisica"},{"id_assunto":1,"nome_assunto":"Conta B\u00e1sica","id_disciplina":1,"nome_disciplina":"Matematica"},{"id_assunto":5,"nome_assunto":"Fun\u00e7\u00e3o quadratica","id_disciplina":1,"nome_disciplina":"Matematica"},{"id_assunto":9,"nome_assunto":"Fun\u00e7\u00e3o quadratica","id_disciplina":1,"nome_disciplina":"Matematica"},{"id_assunto":7,"nome_assunto":"Pit\u00e1goras","id_disciplina":3,"nome_disciplina":"historia"},{"id_assunto":6,"nome_assunto":"Termodin\u00e2mica","id_disciplina":4,"nome_disciplina":"fisica"}]
[27-May-2025 15:28:31 Europe/Berlin] PHP Warning:  Undefined array key "id_questao" in C:\xampp\htdocs\projeto1.0\disciplinas.php on line 375
[27-May-2025 15:28:31 Europe/Berlin] PHP Warning:  Undefined array key "id_questao" in C:\xampp\htdocs\projeto1.0\disciplinas.php on line 376
[27-May-2025 15:28:31 Europe/Berlin] PHP Warning:  Undefined array key "id_questao" in C:\xampp\htdocs\projeto1.0\disciplinas.php on line 375
[27-May-2025 15:28:31 Europe/Berlin] PHP Warning:  Undefined array key "id_questao" in C:\xampp\htdocs\projeto1.0\disciplinas.php on line 376
[27-May-2025 15:28:31 Europe/Berlin] PHP Warning:  Undefined array key "id_questao" in C:\xampp\htdocs\projeto1.0\disciplinas.php on line 375
[27-May-2025 15:28:31 Europe/Berlin] PHP Warning:  Undefined array key "id_questao" in C:\xampp\htdocs\projeto1.0\disciplinas.php on line 376
[27-May-2025 15:28:45 Europe/Berlin] PHP Warning:  Undefined variable $assuntos in C:\xampp\htdocs\projeto1.0\get_assuntos.php on line 26
[27-May-2025 15:29:04 Europe/Berlin] PHP Warning:  Undefined variable $assuntos in C:\xampp\htdocs\projeto1.0\get_assuntos.php on line 26
[27-May-2025 15:29:14 Europe/Berlin] PHP Warning:  Undefined variable $assuntos in C:\xampp\htdocs\projeto1.0\get_assuntos.php on line 26
[27-May-2025 15:29:19 Europe/Berlin] PHP Warning:  Undefined variable $assuntos in C:\xampp\htdocs\projeto1.0\get_assuntos.php on line 26
[27-May-2025 15:32:50 Europe/Berlin] PHP Warning:  Undefined variable $assuntos in C:\xampp\htdocs\projeto1.0\get_assuntos.php on line 23
[27-May-2025 15:32:50 Europe/Berlin] listarAssuntos: FUNÇÃO INICIADA. Filtros recebidos: []
[27-May-2025 15:32:50 Europe/Berlin] listarAssuntos: Filtro 'id_disciplina' não fornecido ou vazio.
[27-May-2025 15:32:50 Europe/Berlin] listarAssuntos: SQL FINAL: SELECT a.id_assunto, a.nome_assunto, a.id_disciplina, d.nome_disciplina 
            FROM assuntotb a 
            JOIN disciplinatb d ON a.id_disciplina = d.id_disciplina ORDER BY a.nome_assunto ASC
[27-May-2025 15:32:50 Europe/Berlin] listarAssuntos: PARÂMETROS PARA BIND: []
[27-May-2025 15:32:50 Europe/Berlin] listarAssuntos: TIPOS PARA BIND: 
[27-May-2025 15:32:50 Europe/Berlin] listarAssuntos: Nenhum parâmetro para bind (WHERE clause não aplicada).
[27-May-2025 15:32:50 Europe/Berlin] listarAssuntos: RESULTADOS FINAIS OBTIDOS DO BD: [{"id_assunto":8,"nome_assunto":"BOMBAS NUCLEARES","id_disciplina":4,"nome_disciplina":"fisica"},{"id_assunto":1,"nome_assunto":"Conta B\u00e1sica","id_disciplina":1,"nome_disciplina":"Matematica"},{"id_assunto":5,"nome_assunto":"Fun\u00e7\u00e3o quadratica","id_disciplina":1,"nome_disciplina":"Matematica"},{"id_assunto":9,"nome_assunto":"Fun\u00e7\u00e3o quadratica","id_disciplina":1,"nome_disciplina":"Matematica"},{"id_assunto":7,"nome_assunto":"Pit\u00e1goras","id_disciplina":3,"nome_disciplina":"historia"},{"id_assunto":6,"nome_assunto":"Termodin\u00e2mica","id_disciplina":4,"nome_disciplina":"fisica"}]
[27-May-2025 15:32:50 Europe/Berlin] PHP Warning:  Undefined array key "id_questao" in C:\xampp\htdocs\projeto1.0\disciplinas.php on line 375
[27-May-2025 15:32:50 Europe/Berlin] PHP Warning:  Undefined array key "id_questao" in C:\xampp\htdocs\projeto1.0\disciplinas.php on line 376
[27-May-2025 15:32:50 Europe/Berlin] PHP Warning:  Undefined array key "id_questao" in C:\xampp\htdocs\projeto1.0\disciplinas.php on line 375
[27-May-2025 15:32:50 Europe/Berlin] PHP Warning:  Undefined array key "id_questao" in C:\xampp\htdocs\projeto1.0\disciplinas.php on line 376
[27-May-2025 15:32:50 Europe/Berlin] PHP Warning:  Undefined array key "id_questao" in C:\xampp\htdocs\projeto1.0\disciplinas.php on line 375
[27-May-2025 15:32:50 Europe/Berlin] PHP Warning:  Undefined array key "id_questao" in C:\xampp\htdocs\projeto1.0\disciplinas.php on line 376
[27-May-2025 18:44:30 Europe/Berlin] PHP Warning:  Undefined variable $assuntos in C:\xampp\htdocs\projeto1.0\get_assuntos.php on line 23
[27-May-2025 18:44:31 Europe/Berlin] listarAssuntos: ERRO FATAL AO OBTER RESULTADO (get_result): Commands out of sync; you can't run this command now

[27-May-2025 18:44:31 Europe/Berlin] PHP Warning:  Undefined array key "id_questao" in C:\xampp\htdocs\projeto1.0\disciplinas.php on line 375
[27-May-2025 18:44:31 Europe/Berlin] PHP Warning:  Undefined array key "id_questao" in C:\xampp\htdocs\projeto1.0\disciplinas.php on line 376
[27-May-2025 18:44:31 Europe/Berlin] PHP Warning:  Undefined array key "id_questao" in C:\xampp\htdocs\projeto1.0\disciplinas.php on line 375
[27-May-2025 18:44:31 Europe/Berlin] PHP Warning:  Undefined array key "id_questao" in C:\xampp\htdocs\projeto1.0\disciplinas.php on line 376
[27-May-2025 18:44:31 Europe/Berlin] PHP Warning:  Undefined array key "id_questao" in C:\xampp\htdocs\projeto1.0\disciplinas.php on line 375
[27-May-2025 18:44:31 Europe/Berlin] PHP Warning:  Undefined array key "id_questao" in C:\xampp\htdocs\projeto1.0\disciplinas.php on line 376
[27-May-2025 18:45:08 Europe/Berlin] PHP Warning:  Undefined variable $assuntos in C:\xampp\htdocs\projeto1.0\get_assuntos.php on line 23
[27-May-2025 18:45:08 Europe/Berlin] listarAssuntos: ERRO FATAL AO OBTER RESULTADO (get_result): Commands out of sync; you can't run this command now

[27-May-2025 18:45:08 Europe/Berlin] listarAssuntos: ERRO FATAL AO OBTER RESULTADO (get_result): Commands out of sync; you can't run this command now

[27-May-2025 18:45:08 Europe/Berlin] PHP Warning:  Undefined array key "id_questao" in C:\xampp\htdocs\projeto1.0\disciplinas.php on line 375
[27-May-2025 18:45:08 Europe/Berlin] PHP Warning:  Undefined array key "id_questao" in C:\xampp\htdocs\projeto1.0\disciplinas.php on line 376
[27-May-2025 18:45:08 Europe/Berlin] PHP Warning:  Undefined array key "id_questao" in C:\xampp\htdocs\projeto1.0\disciplinas.php on line 375
[27-May-2025 18:45:08 Europe/Berlin] PHP Warning:  Undefined array key "id_questao" in C:\xampp\htdocs\projeto1.0\disciplinas.php on line 376
[27-May-2025 18:45:08 Europe/Berlin] PHP Warning:  Undefined array key "id_questao" in C:\xampp\htdocs\projeto1.0\disciplinas.php on line 375
[27-May-2025 18:45:08 Europe/Berlin] PHP Warning:  Undefined array key "id_questao" in C:\xampp\htdocs\projeto1.0\disciplinas.php on line 376
[27-May-2025 18:45:59 Europe/Berlin] PHP Warning:  Undefined variable $assuntos in C:\xampp\htdocs\projeto1.0\get_assuntos.php on line 23
[27-May-2025 18:45:59 Europe/Berlin] listarAssuntos: ERRO FATAL AO OBTER RESULTADO (get_result): Commands out of sync; you can't run this command now

[27-May-2025 18:45:59 Europe/Berlin] listarAssuntos: ERRO FATAL AO OBTER RESULTADO (get_result): Commands out of sync; you can't run this command now

[27-May-2025 18:45:59 Europe/Berlin] PHP Warning:  Undefined array key "id_questao" in C:\xampp\htdocs\projeto1.0\disciplinas.php on line 375
[27-May-2025 18:45:59 Europe/Berlin] PHP Warning:  Undefined array key "id_questao" in C:\xampp\htdocs\projeto1.0\disciplinas.php on line 376
[27-May-2025 18:45:59 Europe/Berlin] PHP Warning:  Undefined array key "id_questao" in C:\xampp\htdocs\projeto1.0\disciplinas.php on line 375
[27-May-2025 18:45:59 Europe/Berlin] PHP Warning:  Undefined array key "id_questao" in C:\xampp\htdocs\projeto1.0\disciplinas.php on line 376
[27-May-2025 18:45:59 Europe/Berlin] PHP Warning:  Undefined array key "id_questao" in C:\xampp\htdocs\projeto1.0\disciplinas.php on line 375
[27-May-2025 18:45:59 Europe/Berlin] PHP Warning:  Undefined array key "id_questao" in C:\xampp\htdocs\projeto1.0\disciplinas.php on line 376
[27-May-2025 18:46:07 Europe/Berlin] PHP Warning:  Undefined variable $assuntos in C:\xampp\htdocs\projeto1.0\get_assuntos.php on line 23
[27-May-2025 18:46:07 Europe/Berlin] listarAssuntos: ERRO FATAL AO OBTER RESULTADO (get_result): Commands out of sync; you can't run this command now

[27-May-2025 18:46:07 Europe/Berlin] PHP Warning:  Undefined array key "id_questao" in C:\xampp\htdocs\projeto1.0\disciplinas.php on line 375
[27-May-2025 18:46:07 Europe/Berlin] PHP Warning:  Undefined array key "id_questao" in C:\xampp\htdocs\projeto1.0\disciplinas.php on line 376
[27-May-2025 18:46:07 Europe/Berlin] PHP Warning:  Undefined array key "id_questao" in C:\xampp\htdocs\projeto1.0\disciplinas.php on line 375
[27-May-2025 18:46:07 Europe/Berlin] PHP Warning:  Undefined array key "id_questao" in C:\xampp\htdocs\projeto1.0\disciplinas.php on line 376
[27-May-2025 18:46:07 Europe/Berlin] PHP Warning:  Undefined array key "id_questao" in C:\xampp\htdocs\projeto1.0\disciplinas.php on line 375
[27-May-2025 18:46:07 Europe/Berlin] PHP Warning:  Undefined array key "id_questao" in C:\xampp\htdocs\projeto1.0\disciplinas.php on line 376
[27-May-2025 18:46:21 Europe/Berlin] PHP Warning:  Undefined variable $assuntos in C:\xampp\htdocs\projeto1.0\get_assuntos.php on line 23
[27-May-2025 18:46:21 Europe/Berlin] listarAssuntos: ERRO FATAL AO OBTER RESULTADO (get_result): Commands out of sync; you can't run this command now

[27-May-2025 18:46:21 Europe/Berlin] listarAssuntos: ERRO FATAL AO OBTER RESULTADO (get_result): Commands out of sync; you can't run this command now

[27-May-2025 18:46:21 Europe/Berlin] PHP Warning:  Undefined array key "id_questao" in C:\xampp\htdocs\projeto1.0\disciplinas.php on line 375
[27-May-2025 18:46:21 Europe/Berlin] PHP Warning:  Undefined array key "id_questao" in C:\xampp\htdocs\projeto1.0\disciplinas.php on line 376
[27-May-2025 18:46:21 Europe/Berlin] PHP Warning:  Undefined array key "id_questao" in C:\xampp\htdocs\projeto1.0\disciplinas.php on line 375
[27-May-2025 18:46:21 Europe/Berlin] PHP Warning:  Undefined array key "id_questao" in C:\xampp\htdocs\projeto1.0\disciplinas.php on line 376
[27-May-2025 18:46:21 Europe/Berlin] PHP Warning:  Undefined array key "id_questao" in C:\xampp\htdocs\projeto1.0\disciplinas.php on line 375
[27-May-2025 18:46:21 Europe/Berlin] PHP Warning:  Undefined array key "id_questao" in C:\xampp\htdocs\projeto1.0\disciplinas.php on line 376
